# JRE version: Java(TM) SE Runtime Environment (8.0_171-b11) (build 1.8.0_171-b11)
# Java VM: Java HotSpot(TM) 64-Bit Server VM (25.171-b11 mixed mode linux-amd64 compressed oops)
Heap:
 PSYoungGen      total 177664K, used 14841K [0x00000000e0000000, 0x00000000ebd00000, 0x0000000100000000)
  eden space 162816K, 0% used [0x00000000e0000000,0x00000000e0000000,0x00000000e9f00000)
  from space 14848K, 99% used [0x00000000e9f00000,0x00000000ead7e658,0x00000000ead80000)
  to   space 12800K, 0% used [0x00000000ead80000,0x00000000ead80000,0x00000000eba00000)
 ParOldGen       total 49664K, used 34446K [0x00000000a0000000, 0x00000000a3080000, 0x00000000e0000000)
  object space 49664K, 69% used [0x00000000a0000000,0x00000000a21a38d8,0x00000000a3080000)
 Metaspace       used 55580K, capacity 57594K, committed 57856K, reserved 1099776K
  class space    used 7863K, capacity 8395K, committed 8448K, reserved 1048576K
GC Heap History (10 events):
Event: 13,760 GC heap after
Heap after GC invocations=10 (full 1):
 PSYoungGen      total 126976K, used 8698K [0x00000000e0000000, 0x00000000e8c80000, 0x0000000100000000)
  eden space 118272K, 0% used [0x00000000e0000000,0x00000000e0000000,0x00000000e7380000)
  from space 8704K, 99% used [0x00000000e7380000,0x00000000e7bfe950,0x00000000e7c00000)
  to   space 10752K, 0% used [0x00000000e8200000,0x00000000e8200000,0x00000000e8c80000)
 ParOldGen       total 33792K, used 11580K [0x00000000a0000000, 0x00000000a2100000, 0x00000000e0000000)
  object space 33792K, 34% used [0x00000000a0000000,0x00000000a0b4f1e8,0x00000000a2100000)
 Metaspace       used 32933K, capacity 33560K, committed 33920K, reserved 1079296K
  class space    used 4702K, capacity 4894K, committed 4992K, reserved 1048576K
}
Event: 14,176 GC heap before
{Heap before GC invocations=11 (full 1):
 PSYoungGen      total 126976K, used 20985K [0x00000000e0000000, 0x00000000e8c80000, 0x0000000100000000)
  eden space 118272K, 10% used [0x00000000e0000000,0x00000000e0bffdc0,0x00000000e7380000)
  from space 8704K, 99% used [0x00000000e7380000,0x00000000e7bfe950,0x00000000e7c00000)
  to   space 10752K, 0% used [0x00000000e8200000,0x00000000e8200000,0x00000000e8c80000)
 ParOldGen       total 33792K, used 11580K [0x00000000a0000000, 0x00000000a2100000, 0x00000000e0000000)
  object space 33792K, 34% used [0x00000000a0000000,0x00000000a0b4f1e8,0x00000000a2100000)
 Metaspace       used 34648K, capacity 35248K, committed 35496K, reserved 1079296K
  class space    used 4887K, capacity 5096K, committed 5120K, reserved 1048576K
Event: 14,200 GC heap after
Heap after GC invocations=11 (full 1):
 PSYoungGen      total 133120K, used 5739K [0x00000000e0000000, 0x00000000eaf00000, 0x0000000100000000)
  eden space 122368K, 0% used [0x00000000e0000000,0x00000000e0000000,0x00000000e7780000)
  from space 10752K, 53% used [0x00000000e8200000,0x00000000e879ade0,0x00000000e8c80000)
  to   space 10752K, 0% used [0x00000000e7780000,0x00000000e7780000,0x00000000e8200000)
 ParOldGen       total 33792K, used 14109K [0x00000000a0000000, 0x00000000a2100000, 0x00000000e0000000)
  object space 33792K, 41% used [0x00000000a0000000,0x00000000a0dc7578,0x00000000a2100000)
 Metaspace       used 34648K, capacity 35248K, committed 35496K, reserved 1079296K
  class space    used 4887K, capacity 5096K, committed 5120K, reserved 1048576K
}
Event: 14,200 GC heap before
{Heap before GC invocations=12 (full 2):
 PSYoungGen      total 133120K, used 5739K [0x00000000e0000000, 0x00000000eaf00000, 0x0000000100000000)
  eden space 122368K, 0% used [0x00000000e0000000,0x00000000e0000000,0x00000000e7780000)
  from space 10752K, 53% used [0x00000000e8200000,0x00000000e879ade0,0x00000000e8c80000)
  to   space 10752K, 0% used [0x00000000e7780000,0x00000000e7780000,0x00000000e8200000)
 ParOldGen       total 33792K, used 14109K [0x00000000a0000000, 0x00000000a2100000, 0x00000000e0000000)
  object space 33792K, 41% used [0x00000000a0000000,0x00000000a0dc7578,0x00000000a2100000)
 Metaspace       used 34648K, capacity 35248K, committed 35496K, reserved 1079296K
  class space    used 4887K, capacity 5096K, committed 5120K, reserved 1048576K
Event: 14,331 GC heap after
Heap after GC invocations=12 (full 2):
 PSYoungGen      total 133120K, used 0K [0x00000000e0000000, 0x00000000eaf00000, 0x0000000100000000)
  eden space 122368K, 0% used [0x00000000e0000000,0x00000000e0000000,0x00000000e7780000)
  from space 10752K, 0% used [0x00000000e8200000,0x00000000e8200000,0x00000000e8c80000)
  to   space 10752K, 0% used [0x00000000e7780000,0x00000000e7780000,0x00000000e8200000)
 ParOldGen       total 49664K, used 14962K [0x00000000a0000000, 0x00000000a3080000, 0x00000000e0000000)
  object space 49664K, 30% used [0x00000000a0000000,0x00000000a0e9c818,0x00000000a3080000)
 Metaspace       used 34648K, capacity 35248K, committed 35496K, reserved 1079296K
  class space    used 4887K, capacity 5096K, committed 5120K, reserved 1048576K
}
Event: 18,295 GC heap before
{Heap before GC invocations=13 (full 2):
 PSYoungGen      total 133120K, used 122368K [0x00000000e0000000, 0x00000000eaf00000, 0x0000000100000000)
  eden space 122368K, 100% used [0x00000000e0000000,0x00000000e7780000,0x00000000e7780000)
  from space 10752K, 0% used [0x00000000e8200000,0x00000000e8200000,0x00000000e8c80000)
  to   space 10752K, 0% used [0x00000000e7780000,0x00000000e7780000,0x00000000e8200000)
 ParOldGen       total 49664K, used 14962K [0x00000000a0000000, 0x00000000a3080000, 0x00000000e0000000)
  object space 49664K, 30% used [0x00000000a0000000,0x00000000a0e9c818,0x00000000a3080000)
 Metaspace       used 40359K, capacity 41114K, committed 41344K, reserved 1085440K
  class space    used 5664K, capacity 5910K, committed 6016K, reserved 1048576K
Event: 18,349 GC heap after
Heap after GC invocations=13 (full 2):
 PSYoungGen      total 133120K, used 10739K [0x00000000e0000000, 0x00000000eba00000, 0x0000000100000000)
  eden space 122368K, 0% used [0x00000000e0000000,0x00000000e0000000,0x00000000e7780000)
  from space 10752K, 99% used [0x00000000e7780000,0x00000000e81fccd8,0x00000000e8200000)
  to   space 12800K, 0% used [0x00000000ead80000,0x00000000ead80000,0x00000000eba00000)
 ParOldGen       total 49664K, used 17342K [0x00000000a0000000, 0x00000000a3080000, 0x00000000e0000000)
  object space 49664K, 34% used [0x00000000a0000000,0x00000000a10efa38,0x00000000a3080000)
 Metaspace       used 40359K, capacity 41114K, committed 41344K, reserved 1085440K
  class space    used 5664K, capacity 5910K, committed 6016K, reserved 1048576K
}
Event: 23,336 GC heap before
{Heap before GC invocations=14 (full 2):
 PSYoungGen      total 133120K, used 133107K [0x00000000e0000000, 0x00000000eba00000, 0x0000000100000000)
  eden space 122368K, 100% used [0x00000000e0000000,0x00000000e7780000,0x00000000e7780000)
  from space 10752K, 99% used [0x00000000e7780000,0x00000000e81fccd8,0x00000000e8200000)
  to   space 12800K, 0% used [0x00000000ead80000,0x00000000ead80000,0x00000000eba00000)
 ParOldGen       total 49664K, used 17342K [0x00000000a0000000, 0x00000000a3080000, 0x00000000e0000000)
  object space 49664K, 34% used [0x00000000a0000000,0x00000000a10efa38,0x00000000a3080000)
 Metaspace       used 51921K, capacity 53344K, committed 53504K, reserved 1095680K
  class space    used 7308K, capacity 7649K, committed 7680K, reserved 1048576K
Event: 23,453 GC heap after
Heap after GC invocations=14 (full 2):
 PSYoungGen      total 175616K, used 12661K [0x00000000e0000000, 0x00000000ebd00000, 0x0000000100000000)
  eden space 162816K, 0% used [0x00000000e0000000,0x00000000e0000000,0x00000000e9f00000)
  from space 12800K, 98% used [0x00000000ead80000,0x00000000eb9dd728,0x00000000eba00000)
  to   space 14848K, 0% used [0x00000000e9f00000,0x00000000e9f00000,0x00000000ead80000)
 ParOldGen       total 49664K, used 26786K [0x00000000a0000000, 0x00000000a3080000, 0x00000000e0000000)
  object space 49664K, 53% used [0x00000000a0000000,0x00000000a1a28be0,0x00000000a3080000)
 Metaspace       used 51921K, capacity 53344K, committed 53504K, reserved 1095680K
  class space    used 7308K, capacity 7649K, committed 7680K, reserved 1048576K
}
Event: 31,403 GC heap before
{Heap before GC invocations=15 (full 2):
 PSYoungGen      total 175616K, used 175477K [0x00000000e0000000, 0x00000000ebd00000, 0x0000000100000000)
  eden space 162816K, 100% used [0x00000000e0000000,0x00000000e9f00000,0x00000000e9f00000)
  from space 12800K, 98% used [0x00000000ead80000,0x00000000eb9dd728,0x00000000eba00000)
  to   space 14848K, 0% used [0x00000000e9f00000,0x00000000e9f00000,0x00000000ead80000)
 ParOldGen       total 49664K, used 26786K [0x00000000a0000000, 0x00000000a3080000, 0x00000000e0000000)
  object space 49664K, 53% used [0x00000000a0000000,0x00000000a1a28be0,0x00000000a3080000)
 Metaspace       used 55580K, capacity 57594K, committed 57856K, reserved 1099776K
  class space    used 7863K, capacity 8395K, committed 8448K, reserved 1048576K

